__________                                                  ____ ___   __  .__.__  .__                __  .__               
\______   \ ____   __________  __ _________   ____  ____   |    |   \_/  |_|__|  | |__|____________ _/  |_|__| ____   ____  
 |       _// __ \ /  ___/  _ \|  |  \_  __ \_/ ___\/ __ \  |    |   /\   __\  |  | |  \___   /\__  \\   __\  |/  _ \ /    \ 
 |    |   \  ___/ \___ (  <_> )  |  /|  | \/\  \__\  ___/  |    |  /  |  | |  |  |_|  |/    /  / __ \|  | |  (  <_> )   |  \
 |____|_  /\___  >____  >____/|____/ |__|    \___  >___  > |______/   |__| |__|____/__/_____ \(____  /__| |__|\____/|___|  /
        \/     \/     \/                         \/    \/                                   \/     \/                    \/ 
Resource utilization report:
---------------------------------------------------
PID        CPU(%)     MEM(%)                                             COMMAND       
line 38
 4.3  2.1 22168368  2607 /vscode/bin/linux-x64/5c3e652f63e798a5ac2f31ffd0d863669328dc4c/node --dns-result-order=ipv4first /vscode/bin/linux-x64/5c3e652f63e798a5ac2f31ffd0d863669328dc4c/out/bootstrap-fork --type=extensionHost --transformURIs --useHostProxy=false
 4.1  2.4 22164692 16464 /vscode/bin/linux-x64/5c3e652f63e798a5ac2f31ffd0d863669328dc4c/node --dns-result-order=ipv4first /vscode/bin/linux-x64/5c3e652f63e798a5ac2f31ffd0d863669328dc4c/out/bootstrap-fork --type=extensionHost --transformURIs --useHostProxy=false
 1.4  0.3 981288    2199 /vscode/bin/linux-x64/5c3e652f63e798a5ac2f31ffd0d863669328dc4c/node /vscode/bin/linux-x64/5c3e652f63e798a5ac2f31ffd0d863669328dc4c/out/server-main.js --log trace --force-disable-user-env --server-data-dir /home/codespace/.vscode-remote --accept-server-license-terms --host 127.0.0.1 --port 0 --connection-token-file /home/codespace/.vscode-remote/data/Machine/.connection-token-5c3e652f63e798a5ac2f31ffd0d863669328dc4c --extensions-download-dir /home/codespace/.vscode-remote/extensionsCache --install-builtin-extension GitHub.vscode-pull-request-github --install-builtin-extension github.github-vscode-theme --install-builtin-extension github.codespaces --do-not-sync --start-server  --enable-remote-auto-shutdown --skip-requirements-check
 1.0  0.0 1463104    774 dockerd --dns 168.63.129.16
 0.8  0.0 803704    3133 /vscode/bin/linux-x64/5c3e652f63e798a5ac2f31ffd0d863669328dc4c/node /vscode/bin/linux-x64/5c3e652f63e798a5ac2f31ffd0d863669328dc4c/out/bootstrap-fork --type=ptyHost --logsPath /home/codespace/.vscode-remote/data/logs/20240410T214642
USER         PID %CPU %MEM    VSZ   RSS TTY      STAT START   TIME COMMAND
codespa+    2199  0.3  1.4 981288 121008 ?       Sl   21:46   0:12 /vscode/bin/linux-x64/5c3e652f63e798a5ac2f31ffd0d863669328dc4c/node /vscode/bin/linux-x64/5c3e652f63e798a5ac2f31ffd0d863669328dc4c/out/server-main.js --log trace --force-disable-user-env --server-data-dir /home/codespace/.vscode-remote --accept-server-license-terms --host 127.0.0.1 --port 0 --connection-token-file /home/codespace/.vscode-remote/data/Machine/.connection-token-5c3e652f63e798a5ac2f31ffd0d863669328dc4c --extensions-download-dir /home/codespace/.vscode-remote/extensionsCache --install-builtin-extension GitHub.vscode-pull-request-github --install-builtin-extension github.github-vscode-theme --install-builtin-extension github.codespaces --do-not-sync --start-server  --enable-remote-auto-shutdown --skip-requirements-check
codespa+    2607  2.1  4.3 22168368 355224 ?     Sl   21:46   1:25 /vscode/bin/linux-x64/5c3e652f63e798a5ac2f31ffd0d863669328dc4c/node --dns-result-order=ipv4first /vscode/bin/linux-x64/5c3e652f63e798a5ac2f31ffd0d863669328dc4c/out/bootstrap-fork --type=extensionHost --transformURIs --useHostProxy=false
codespa+   16464  2.4  4.1 22164692 338316 ?     Sl   22:16   0:50 /vscode/bin/linux-x64/5c3e652f63e798a5ac2f31ffd0d863669328dc4c/node --dns-result-order=ipv4first /vscode/bin/linux-x64/5c3e652f63e798a5ac2f31ffd0d863669328dc4c/out/bootstrap-fork --type=extensionHost --transformURIs --useHostProxy=false
-----------------------------------
Resource utilization report:
---------------------------------------------------
PID        CPU(%)     MEM(%)                                             COMMAND       
line 38
 4.3  2.1 22168624  2607 /vscode/bin/linux-x64/5c3e652f63e798a5ac2f31ffd0d863669328dc4c/node --dns-result-order=ipv4first /vscode/bin/linux-x64/5c3e652f63e798a5ac2f31ffd0d863669328dc4c/out/bootstrap-fork --type=extensionHost --transformURIs --useHostProxy=false
 4.1  2.3 22164692 16464 /vscode/bin/linux-x64/5c3e652f63e798a5ac2f31ffd0d863669328dc4c/node --dns-result-order=ipv4first /vscode/bin/linux-x64/5c3e652f63e798a5ac2f31ffd0d863669328dc4c/out/bootstrap-fork --type=extensionHost --transformURIs --useHostProxy=false
 1.4  0.3 981444    2199 /vscode/bin/linux-x64/5c3e652f63e798a5ac2f31ffd0d863669328dc4c/node /vscode/bin/linux-x64/5c3e652f63e798a5ac2f31ffd0d863669328dc4c/out/server-main.js --log trace --force-disable-user-env --server-data-dir /home/codespace/.vscode-remote --accept-server-license-terms --host 127.0.0.1 --port 0 --connection-token-file /home/codespace/.vscode-remote/data/Machine/.connection-token-5c3e652f63e798a5ac2f31ffd0d863669328dc4c --extensions-download-dir /home/codespace/.vscode-remote/extensionsCache --install-builtin-extension GitHub.vscode-pull-request-github --install-builtin-extension github.github-vscode-theme --install-builtin-extension github.codespaces --do-not-sync --start-server  --enable-remote-auto-shutdown --skip-requirements-check
 1.0  0.0 1463104    774 dockerd --dns 168.63.129.16
 0.8  0.0 803704    3133 /vscode/bin/linux-x64/5c3e652f63e798a5ac2f31ffd0d863669328dc4c/node /vscode/bin/linux-x64/5c3e652f63e798a5ac2f31ffd0d863669328dc4c/out/bootstrap-fork --type=ptyHost --logsPath /home/codespace/.vscode-remote/data/logs/20240410T214642
USER         PID %CPU %MEM    VSZ   RSS TTY      STAT START   TIME COMMAND
codespa+    2199  0.3  1.4 981444 121560 ?       Sl   21:46   0:12 /vscode/bin/linux-x64/5c3e652f63e798a5ac2f31ffd0d863669328dc4c/node /vscode/bin/linux-x64/5c3e652f63e798a5ac2f31ffd0d863669328dc4c/out/server-main.js --log trace --force-disable-user-env --server-data-dir /home/codespace/.vscode-remote --accept-server-license-terms --host 127.0.0.1 --port 0 --connection-token-file /home/codespace/.vscode-remote/data/Machine/.connection-token-5c3e652f63e798a5ac2f31ffd0d863669328dc4c --extensions-download-dir /home/codespace/.vscode-remote/extensionsCache --install-builtin-extension GitHub.vscode-pull-request-github --install-builtin-extension github.github-vscode-theme --install-builtin-extension github.codespaces --do-not-sync --start-server  --enable-remote-auto-shutdown --skip-requirements-check
codespa+    2607  2.1  4.3 22168624 355436 ?     Sl   21:46   1:26 /vscode/bin/linux-x64/5c3e652f63e798a5ac2f31ffd0d863669328dc4c/node --dns-result-order=ipv4first /vscode/bin/linux-x64/5c3e652f63e798a5ac2f31ffd0d863669328dc4c/out/bootstrap-fork --type=extensionHost --transformURIs --useHostProxy=false
codespa+   16464  2.3  4.1 22164692 338964 ?     Sl   22:16   0:51 /vscode/bin/linux-x64/5c3e652f63e798a5ac2f31ffd0d863669328dc4c/node --dns-result-order=ipv4first /vscode/bin/linux-x64/5c3e652f63e798a5ac2f31ffd0d863669328dc4c/out/bootstrap-fork --type=extensionHost --transformURIs --useHostProxy=false
-----------------------------------
Resource utilization report:
---------------------------------------------------
PID        CPU(%)     MEM(%)                                             COMMAND       
line 38
 4.3  2.1 22169136  2607 /vscode/bin/linux-x64/5c3e652f63e798a5ac2f31ffd0d863669328dc4c/node --dns-result-order=ipv4first /vscode/bin/linux-x64/5c3e652f63e798a5ac2f31ffd0d863669328dc4c/out/bootstrap-fork --type=extensionHost --transformURIs --useHostProxy=false
 4.1  2.3 22164692 16464 /vscode/bin/linux-x64/5c3e652f63e798a5ac2f31ffd0d863669328dc4c/node --dns-result-order=ipv4first /vscode/bin/linux-x64/5c3e652f63e798a5ac2f31ffd0d863669328dc4c/out/bootstrap-fork --type=extensionHost --transformURIs --useHostProxy=false
 1.4  0.3 981288    2199 /vscode/bin/linux-x64/5c3e652f63e798a5ac2f31ffd0d863669328dc4c/node /vscode/bin/linux-x64/5c3e652f63e798a5ac2f31ffd0d863669328dc4c/out/server-main.js --log trace --force-disable-user-env --server-data-dir /home/codespace/.vscode-remote --accept-server-license-terms --host 127.0.0.1 --port 0 --connection-token-file /home/codespace/.vscode-remote/data/Machine/.connection-token-5c3e652f63e798a5ac2f31ffd0d863669328dc4c --extensions-download-dir /home/codespace/.vscode-remote/extensionsCache --install-builtin-extension GitHub.vscode-pull-request-github --install-builtin-extension github.github-vscode-theme --install-builtin-extension github.codespaces --do-not-sync --start-server  --enable-remote-auto-shutdown --skip-requirements-check
 1.0  0.0 1463104    774 dockerd --dns 168.63.129.16
 0.8  0.0 803704    3133 /vscode/bin/linux-x64/5c3e652f63e798a5ac2f31ffd0d863669328dc4c/node /vscode/bin/linux-x64/5c3e652f63e798a5ac2f31ffd0d863669328dc4c/out/bootstrap-fork --type=ptyHost --logsPath /home/codespace/.vscode-remote/data/logs/20240410T214642
USER         PID %CPU %MEM    VSZ   RSS TTY      STAT START   TIME COMMAND
codespa+    2199  0.3  1.4 981288 121104 ?       Sl   21:46   0:12 /vscode/bin/linux-x64/5c3e652f63e798a5ac2f31ffd0d863669328dc4c/node /vscode/bin/linux-x64/5c3e652f63e798a5ac2f31ffd0d863669328dc4c/out/server-main.js --log trace --force-disable-user-env --server-data-dir /home/codespace/.vscode-remote --accept-server-license-terms --host 127.0.0.1 --port 0 --connection-token-file /home/codespace/.vscode-remote/data/Machine/.connection-token-5c3e652f63e798a5ac2f31ffd0d863669328dc4c --extensions-download-dir /home/codespace/.vscode-remote/extensionsCache --install-builtin-extension GitHub.vscode-pull-request-github --install-builtin-extension github.github-vscode-theme --install-builtin-extension github.codespaces --do-not-sync --start-server  --enable-remote-auto-shutdown --skip-requirements-check
codespa+    2607  2.1  4.3 22169136 356176 ?     Sl   21:46   1:27 /vscode/bin/linux-x64/5c3e652f63e798a5ac2f31ffd0d863669328dc4c/node --dns-result-order=ipv4first /vscode/bin/linux-x64/5c3e652f63e798a5ac2f31ffd0d863669328dc4c/out/bootstrap-fork --type=extensionHost --transformURIs --useHostProxy=false
codespa+   16464  2.3  4.1 22164692 338900 ?     Sl   22:16   0:52 /vscode/bin/linux-x64/5c3e652f63e798a5ac2f31ffd0d863669328dc4c/node --dns-result-order=ipv4first /vscode/bin/linux-x64/5c3e652f63e798a5ac2f31ffd0d863669328dc4c/out/bootstrap-fork --type=extensionHost --transformURIs --useHostProxy=false
-----------------------------------
Resource utilization report:
---------------------------------------------------
PID        CPU(%)     MEM(%)                                             COMMAND       
line 38
 4.3  2.1 22169648  2607 /vscode/bin/linux-x64/5c3e652f63e798a5ac2f31ffd0d863669328dc4c/node --dns-result-order=ipv4first /vscode/bin/linux-x64/5c3e652f63e798a5ac2f31ffd0d863669328dc4c/out/bootstrap-fork --type=extensionHost --transformURIs --useHostProxy=false
 4.1  2.3 22164692 16464 /vscode/bin/linux-x64/5c3e652f63e798a5ac2f31ffd0d863669328dc4c/node --dns-result-order=ipv4first /vscode/bin/linux-x64/5c3e652f63e798a5ac2f31ffd0d863669328dc4c/out/bootstrap-fork --type=extensionHost --transformURIs --useHostProxy=false
 1.4  0.3 981444    2199 /vscode/bin/linux-x64/5c3e652f63e798a5ac2f31ffd0d863669328dc4c/node /vscode/bin/linux-x64/5c3e652f63e798a5ac2f31ffd0d863669328dc4c/out/server-main.js --log trace --force-disable-user-env --server-data-dir /home/codespace/.vscode-remote --accept-server-license-terms --host 127.0.0.1 --port 0 --connection-token-file /home/codespace/.vscode-remote/data/Machine/.connection-token-5c3e652f63e798a5ac2f31ffd0d863669328dc4c --extensions-download-dir /home/codespace/.vscode-remote/extensionsCache --install-builtin-extension GitHub.vscode-pull-request-github --install-builtin-extension github.github-vscode-theme --install-builtin-extension github.codespaces --do-not-sync --start-server  --enable-remote-auto-shutdown --skip-requirements-check
 1.0  0.0 1463104    774 dockerd --dns 168.63.129.16
 0.8  0.0 803704    3133 /vscode/bin/linux-x64/5c3e652f63e798a5ac2f31ffd0d863669328dc4c/node /vscode/bin/linux-x64/5c3e652f63e798a5ac2f31ffd0d863669328dc4c/out/bootstrap-fork --type=ptyHost --logsPath /home/codespace/.vscode-remote/data/logs/20240410T214642
USER         PID %CPU %MEM    VSZ   RSS TTY      STAT START   TIME COMMAND
codespa+    2199  0.3  1.4 981444 121412 ?       Sl   21:46   0:12 /vscode/bin/linux-x64/5c3e652f63e798a5ac2f31ffd0d863669328dc4c/node /vscode/bin/linux-x64/5c3e652f63e798a5ac2f31ffd0d863669328dc4c/out/server-main.js --log trace --force-disable-user-env --server-data-dir /home/codespace/.vscode-remote --accept-server-license-terms --host 127.0.0.1 --port 0 --connection-token-file /home/codespace/.vscode-remote/data/Machine/.connection-token-5c3e652f63e798a5ac2f31ffd0d863669328dc4c --extensions-download-dir /home/codespace/.vscode-remote/extensionsCache --install-builtin-extension GitHub.vscode-pull-request-github --install-builtin-extension github.github-vscode-theme --install-builtin-extension github.codespaces --do-not-sync --start-server  --enable-remote-auto-shutdown --skip-requirements-check
codespa+    2607  2.1  4.3 22169648 356352 ?     Sl   21:46   1:28 /vscode/bin/linux-x64/5c3e652f63e798a5ac2f31ffd0d863669328dc4c/node --dns-result-order=ipv4first /vscode/bin/linux-x64/5c3e652f63e798a5ac2f31ffd0d863669328dc4c/out/bootstrap-fork --type=extensionHost --transformURIs --useHostProxy=false
codespa+   16464  2.3  4.1 22164692 338708 ?     Rl   22:16   0:54 /vscode/bin/linux-x64/5c3e652f63e798a5ac2f31ffd0d863669328dc4c/node --dns-result-order=ipv4first /vscode/bin/linux-x64/5c3e652f63e798a5ac2f31ffd0d863669328dc4c/out/bootstrap-fork --type=extensionHost --transformURIs --useHostProxy=false
-----------------------------------
__________                                                  ____ ___   __  .__.__  .__                __  .__               
\______   \ ____   __________  __ _________   ____  ____   |    |   \_/  |_|__|  | |__|____________ _/  |_|__| ____   ____  
 |       _// __ \ /  ___/  _ \|  |  \_  __ \_/ ___\/ __ \  |    |   /\   __\  |  | |  \___   /\__  \\   __\  |/  _ \ /    \ 
 |    |   \  ___/ \___ (  <_> )  |  /|  | \/\  \__\  ___/  |    |  /  |  | |  |  |_|  |/    /  / __ \|  | |  (  <_> )   |  \
 |____|_  /\___  >____  >____/|____/ |__|    \___  >___  > |______/   |__| |__|____/__/_____ \(____  /__| |__|\____/|___|  /
        \/     \/     \/                         \/    \/                                   \/     \/                    \/ 
Resource utilization report:  2024-04-10 23:08:37
-----------------------------------
PID        CPU(%)     MEM(%)                                             COMMAND       
top 5 most noteworthy processes:
 4.3  2.1 22167600  2607 /vscode/bin/linux-x64/5c3e652f63e798a5ac2f31ffd0d863669328dc4c/node --dns-result-order=ipv4first /vscode/bin/linux-x64/5c3e652f63e798a5ac2f31ffd0d863669328dc4c/out/bootstrap-fork --type=extensionHost --transformURIs --useHostProxy=false
 4.1  2.3 22165204 16464 /vscode/bin/linux-x64/5c3e652f63e798a5ac2f31ffd0d863669328dc4c/node --dns-result-order=ipv4first /vscode/bin/linux-x64/5c3e652f63e798a5ac2f31ffd0d863669328dc4c/out/bootstrap-fork --type=extensionHost --transformURIs --useHostProxy=false
 1.5  0.2 981288    2199 /vscode/bin/linux-x64/5c3e652f63e798a5ac2f31ffd0d863669328dc4c/node /vscode/bin/linux-x64/5c3e652f63e798a5ac2f31ffd0d863669328dc4c/out/server-main.js --log trace --force-disable-user-env --server-data-dir /home/codespace/.vscode-remote --accept-server-license-terms --host 127.0.0.1 --port 0 --connection-token-file /home/codespace/.vscode-remote/data/Machine/.connection-token-5c3e652f63e798a5ac2f31ffd0d863669328dc4c --extensions-download-dir /home/codespace/.vscode-remote/extensionsCache --install-builtin-extension GitHub.vscode-pull-request-github --install-builtin-extension github.github-vscode-theme --install-builtin-extension github.codespaces --do-not-sync --start-server  --enable-remote-auto-shutdown --skip-requirements-check
 1.0  0.0 1463104    774 dockerd --dns 168.63.129.16
 0.8  0.1 805496    3133 /vscode/bin/linux-x64/5c3e652f63e798a5ac2f31ffd0d863669328dc4c/node /vscode/bin/linux-x64/5c3e652f63e798a5ac2f31ffd0d863669328dc4c/out/bootstrap-fork --type=ptyHost --logsPath /home/codespace/.vscode-remote/data/logs/20240410T214642
Processes above thresholds follow. CPU_THRESHOLD is  1  and MEM_THRESHOLD is  1
USER         PID %CPU %MEM    VSZ   RSS TTY      STAT START   TIME COMMAND
codespa+    2199  0.2  1.5 981288 122112 ?       Sl   21:46   0:14 /vscode/bin/linux-x64/5c3e652f63e798a5ac2f31ffd0d863669328dc4c/node /vscode/bin/linux-x64/5c3e652f63e798a5ac2f31ffd0d863669328dc4c/out/server-main.js --log trace --force-disable-user-env --server-data-dir /home/codespace/.vscode-remote --accept-server-license-terms --host 127.0.0.1 --port 0 --connection-token-file /home/codespace/.vscode-remote/data/Machine/.connection-token-5c3e652f63e798a5ac2f31ffd0d863669328dc4c --extensions-download-dir /home/codespace/.vscode-remote/extensionsCache --install-builtin-extension GitHub.vscode-pull-request-github --install-builtin-extension github.github-vscode-theme --install-builtin-extension github.codespaces --do-not-sync --start-server  --enable-remote-auto-shutdown --skip-requirements-check
codespa+    2607  2.1  4.3 22167600 354220 ?     Sl   21:46   1:44 /vscode/bin/linux-x64/5c3e652f63e798a5ac2f31ffd0d863669328dc4c/node --dns-result-order=ipv4first /vscode/bin/linux-x64/5c3e652f63e798a5ac2f31ffd0d863669328dc4c/out/bootstrap-fork --type=extensionHost --transformURIs --useHostProxy=false
codespa+   16464  2.3  4.1 22165204 339524 ?     Sl   22:16   1:12 /vscode/bin/linux-x64/5c3e652f63e798a5ac2f31ffd0d863669328dc4c/node --dns-result-order=ipv4first /vscode/bin/linux-x64/5c3e652f63e798a5ac2f31ffd0d863669328dc4c/out/bootstrap-fork --type=extensionHost --transformURIs --useHostProxy=false
-----------------------------------
Resource utilization report:  2024-04-10 23:09:37
-----------------------------------
PID        CPU(%)     MEM(%)                                             COMMAND       
top 5 most noteworthy processes:
 4.3  2.1 22167856  2607 /vscode/bin/linux-x64/5c3e652f63e798a5ac2f31ffd0d863669328dc4c/node --dns-result-order=ipv4first /vscode/bin/linux-x64/5c3e652f63e798a5ac2f31ffd0d863669328dc4c/out/bootstrap-fork --type=extensionHost --transformURIs --useHostProxy=false
 4.1  2.3 22165204 16464 /vscode/bin/linux-x64/5c3e652f63e798a5ac2f31ffd0d863669328dc4c/node --dns-result-order=ipv4first /vscode/bin/linux-x64/5c3e652f63e798a5ac2f31ffd0d863669328dc4c/out/bootstrap-fork --type=extensionHost --transformURIs --useHostProxy=false
 1.5  0.2 981288    2199 /vscode/bin/linux-x64/5c3e652f63e798a5ac2f31ffd0d863669328dc4c/node /vscode/bin/linux-x64/5c3e652f63e798a5ac2f31ffd0d863669328dc4c/out/server-main.js --log trace --force-disable-user-env --server-data-dir /home/codespace/.vscode-remote --accept-server-license-terms --host 127.0.0.1 --port 0 --connection-token-file /home/codespace/.vscode-remote/data/Machine/.connection-token-5c3e652f63e798a5ac2f31ffd0d863669328dc4c --extensions-download-dir /home/codespace/.vscode-remote/extensionsCache --install-builtin-extension GitHub.vscode-pull-request-github --install-builtin-extension github.github-vscode-theme --install-builtin-extension github.codespaces --do-not-sync --start-server  --enable-remote-auto-shutdown --skip-requirements-check
 1.0  0.0 1463104    774 dockerd --dns 168.63.129.16
 0.8  0.1 805496    3133 /vscode/bin/linux-x64/5c3e652f63e798a5ac2f31ffd0d863669328dc4c/node /vscode/bin/linux-x64/5c3e652f63e798a5ac2f31ffd0d863669328dc4c/out/bootstrap-fork --type=ptyHost --logsPath /home/codespace/.vscode-remote/data/logs/20240410T214642
Processes above thresholds follow. CPU_THRESHOLD is  1  and MEM_THRESHOLD is  1
USER         PID %CPU %MEM    VSZ   RSS TTY      STAT START   TIME COMMAND
codespa+    2199  0.2  1.5 981288 121992 ?       Sl   21:46   0:14 /vscode/bin/linux-x64/5c3e652f63e798a5ac2f31ffd0d863669328dc4c/node /vscode/bin/linux-x64/5c3e652f63e798a5ac2f31ffd0d863669328dc4c/out/server-main.js --log trace --force-disable-user-env --server-data-dir /home/codespace/.vscode-remote --accept-server-license-terms --host 127.0.0.1 --port 0 --connection-token-file /home/codespace/.vscode-remote/data/Machine/.connection-token-5c3e652f63e798a5ac2f31ffd0d863669328dc4c --extensions-download-dir /home/codespace/.vscode-remote/extensionsCache --install-builtin-extension GitHub.vscode-pull-request-github --install-builtin-extension github.github-vscode-theme --install-builtin-extension github.codespaces --do-not-sync --start-server  --enable-remote-auto-shutdown --skip-requirements-check
codespa+    2607  2.1  4.3 22167856 355320 ?     Sl   21:46   1:45 /vscode/bin/linux-x64/5c3e652f63e798a5ac2f31ffd0d863669328dc4c/node --dns-result-order=ipv4first /vscode/bin/linux-x64/5c3e652f63e798a5ac2f31ffd0d863669328dc4c/out/bootstrap-fork --type=extensionHost --transformURIs --useHostProxy=false
codespa+   16464  2.3  4.1 22165204 339456 ?     Sl   22:16   1:13 /vscode/bin/linux-x64/5c3e652f63e798a5ac2f31ffd0d863669328dc4c/node --dns-result-order=ipv4first /vscode/bin/linux-x64/5c3e652f63e798a5ac2f31ffd0d863669328dc4c/out/bootstrap-fork --type=extensionHost --transformURIs --useHostProxy=false
-----------------------------------
__________                                                  ____ ___   __  .__.__  .__                __  .__               
\______   \ ____   __________  __ _________   ____  ____   |    |   \_/  |_|__|  | |__|____________ _/  |_|__| ____   ____  
 |       _// __ \ /  ___/  _ \|  |  \_  __ \_/ ___\/ __ \  |    |   /\   __\  |  | |  \___   /\__  \\   __\  |/  _ \ /    \ 
 |    |   \  ___/ \___ (  <_> )  |  /|  | \/\  \__\  ___/  |    |  /  |  | |  |  |_|  |/    /  / __ \|  | |  (  <_> )   |  \
 |____|_  /\___  >____  >____/|____/ |__|    \___  >___  > |______/   |__| |__|____/__/_____ \(____  /__| |__|\____/|___|  /
        \/     \/     \/                         \/    \/                                   \/     \/                    \/ 
Resource utilization report:  2024-04-10 23:18:40
-----------------------------------
Processes above thresholds follow. CPU_THRESHOLD is  1  and MEM_THRESHOLD is  1
USER         PID %CPU %MEM    VSZ   RSS TTY      STAT START   TIME COMMAND
codespa+    2199  0.2  1.4 981288 121620 ?       Sl   21:46   0:15 /vscode/bin/linux-x64/5c3e652f63e798a5ac2f31ffd0d863669328dc4c/node /vscode/bin/linux-x64/5c3e652f63e798a5ac2f31ffd0d863669328dc4c/out/server-main.js --log trace --force-disable-user-env --server-data-dir /home/codespace/.vscode-remote --accept-server-license-terms --host 127.0.0.1 --port 0 --connection-token-file /home/codespace/.vscode-remote/data/Machine/.connection-token-5c3e652f63e798a5ac2f31ffd0d863669328dc4c --extensions-download-dir /home/codespace/.vscode-remote/extensionsCache --install-builtin-extension GitHub.vscode-pull-request-github --install-builtin-extension github.github-vscode-theme --install-builtin-extension github.codespaces --do-not-sync --start-server  --enable-remote-auto-shutdown --skip-requirements-check
codespa+    2607  2.0  4.3 22167600 355232 ?     Sl   21:46   1:54 /vscode/bin/linux-x64/5c3e652f63e798a5ac2f31ffd0d863669328dc4c/node --dns-result-order=ipv4first /vscode/bin/linux-x64/5c3e652f63e798a5ac2f31ffd0d863669328dc4c/out/bootstrap-fork --type=extensionHost --transformURIs --useHostProxy=false
codespa+   16464  2.2  4.1 22165204 339708 ?     Sl   22:16   1:24 /vscode/bin/linux-x64/5c3e652f63e798a5ac2f31ffd0d863669328dc4c/node --dns-result-order=ipv4first /vscode/bin/linux-x64/5c3e652f63e798a5ac2f31ffd0d863669328dc4c/out/bootstrap-fork --type=extensionHost --transformURIs --useHostProxy=false
-----------------------------------
